0 info it worked if it ends with ok
1 verbose cli [ 'C:\\Program Files\\nodejs\\node.exe',
1 verbose cli   'C:\\Program Files\\nodejs\\node_modules\\npm\\bin\\npm-cli.js',
1 verbose cli   'install',
1 verbose cli   '-g',
1 verbose cli   'node' ]
2 info using npm@3.3.12
3 info using node@v4.2.2
4 silly loadCurrentTree Starting
5 silly install loadCurrentTree
6 silly install readGlobalPackageData
7 silly fetchPackageMetaData node
8 silly fetchNamedPackageData node
9 silly mapToRegistry name node
10 silly mapToRegistry using default registry
11 silly mapToRegistry registry https://registry.npmjs.org/
12 silly mapToRegistry uri https://registry.npmjs.org/node
13 verbose request uri https://registry.npmjs.org/node
14 verbose request no auth needed
15 info attempt registry request try #1 at 13:23:04
16 verbose request id 8f3d0140a8086619
17 http request GET https://registry.npmjs.org/node
18 http 200 https://registry.npmjs.org/node
19 verbose headers { server: 'CouchDB/1.5.0 (Erlang OTP/R16B03)',
19 verbose headers   etag: '"4RB0I162TMBFF7IWMPCBRMD3L"',
19 verbose headers   'content-type': 'application/json',
19 verbose headers   'cache-control': 'max-age=300',
19 verbose headers   'content-length': '1084',
19 verbose headers   'accept-ranges': 'bytes',
19 verbose headers   date: 'Sun, 07 Feb 2016 12:23:04 GMT',
19 verbose headers   via: '1.1 varnish',
19 verbose headers   age: '0',
19 verbose headers   connection: 'keep-alive',
19 verbose headers   'x-served-by': 'cache-fra1223-FRA',
19 verbose headers   'x-cache': 'HIT',
19 verbose headers   'x-cache-hits': '1',
19 verbose headers   'x-timer': 'S1454847783.379603,VS0,VE738',
19 verbose headers   vary: 'Accept' }
20 silly get cb [ 200,
20 silly get   { server: 'CouchDB/1.5.0 (Erlang OTP/R16B03)',
20 silly get     etag: '"4RB0I162TMBFF7IWMPCBRMD3L"',
20 silly get     'content-type': 'application/json',
20 silly get     'cache-control': 'max-age=300',
20 silly get     'content-length': '1084',
20 silly get     'accept-ranges': 'bytes',
20 silly get     date: 'Sun, 07 Feb 2016 12:23:04 GMT',
20 silly get     via: '1.1 varnish',
20 silly get     age: '0',
20 silly get     connection: 'keep-alive',
20 silly get     'x-served-by': 'cache-fra1223-FRA',
20 silly get     'x-cache': 'HIT',
20 silly get     'x-cache-hits': '1',
20 silly get     'x-timer': 'S1454847783.379603,VS0,VE738',
20 silly get     vary: 'Accept' } ]
21 verbose get saving node to C:\Users\nk.andkra90\AppData\Roaming\npm-cache\registry.npmjs.org\node\.cache.json
22 silly install normalizeTree
23 silly loadCurrentTree Finishing
24 silly loadIdealTree Starting
25 silly install loadIdealTree
26 silly cloneCurrentTree Starting
27 silly install cloneCurrentTreeToIdealTree
28 silly cloneCurrentTree Finishing
29 silly loadShrinkwrap Starting
30 silly install loadShrinkwrap
31 silly loadShrinkwrap Finishing
32 silly loadAllDepsIntoIdealTree Starting
33 silly install loadAllDepsIntoIdealTree
34 silly resolveWithNewModule node@0.0.0 checking installable status
35 silly cache add args [ 'node', null ]
36 verbose cache add spec node
37 silly cache add parsed spec Result {
37 silly cache add   raw: 'node',
37 silly cache add   scope: null,
37 silly cache add   name: 'node',
37 silly cache add   rawSpec: '',
37 silly cache add   spec: '*',
37 silly cache add   type: 'range' }
38 silly addNamed node@*
39 verbose addNamed "*" is a valid semver range for node
40 silly addNameRange { name: 'node', range: '*', hasData: false }
41 silly mapToRegistry name node
42 silly mapToRegistry using default registry
43 silly mapToRegistry registry https://registry.npmjs.org/
44 silly mapToRegistry uri https://registry.npmjs.org/node
45 verbose addNameRange registry:https://registry.npmjs.org/node not in flight; fetching
46 verbose get https://registry.npmjs.org/node not expired, no request
47 silly addNameRange number 2 { name: 'node', range: '*', hasData: true }
48 silly addNameRange versions [ 'node', [ '0.0.0' ] ]
49 silly addNamed node@0.0.0
50 verbose addNamed "0.0.0" is a plain semver version for node
51 warn deprecated node@0.0.0: To update or install node, go to http://nodejs.org/
52 silly mapToRegistry name node
53 silly mapToRegistry using default registry
54 silly mapToRegistry registry https://registry.npmjs.org/
55 silly mapToRegistry uri https://registry.npmjs.org/node
56 verbose addRemoteTarball https://registry.npmjs.org/node/-/node-0.0.0.tgz not in flight; adding
57 verbose addRemoteTarball [ 'https://registry.npmjs.org/node/-/node-0.0.0.tgz',
57 verbose addRemoteTarball   '288d62f90530c763eff8d4831ee7343ab3d60793' ]
58 info retry fetch attempt 1 at 13:23:05
59 info attempt registry request try #1 at 13:23:05
60 http fetch GET https://registry.npmjs.org/node/-/node-0.0.0.tgz
61 http fetch 200 https://registry.npmjs.org/node/-/node-0.0.0.tgz
62 silly fetchAndShaCheck shasum 288d62f90530c763eff8d4831ee7343ab3d60793
63 verbose addTmpTarball C:\Users\NKF5A0~1.AND\AppData\Local\Temp\npm-13624-0cbef029\registry.npmjs.org\node\-\node-0.0.0.tgz not in flight; adding
64 verbose addTmpTarball already have metadata; skipping unpack for node@0.0.0
65 silly cache afterAdd node@0.0.0
66 verbose afterAdd C:\Users\nk.andkra90\AppData\Roaming\npm-cache\node\0.0.0\package\package.json not in flight; writing
67 verbose afterAdd C:\Users\nk.andkra90\AppData\Roaming\npm-cache\node\0.0.0\package\package.json written
68 silly loadAllDepsIntoIdealTree Finishing
69 silly idealTree:prePrune nodejs
69 silly idealTree:prePrune └── node@0.0.0
70 silly loadIdealTree Finishing
71 silly currentTree nodejs
72 silly idealTree nodejs
72 silly idealTree └── node@0.0.0
73 silly generateActionsToTake Starting
74 silly install generateActionsToTake
75 silly generateActionsToTake Finishing
76 silly diffTrees action count 1
77 silly diffTrees add node@0.0.0
78 silly decomposeActions action count 8
79 silly decomposeActions fetch node@0.0.0
80 silly decomposeActions extract node@0.0.0
81 silly decomposeActions preinstall node@0.0.0
82 silly decomposeActions build node@0.0.0
83 silly decomposeActions install node@0.0.0
84 silly decomposeActions postinstall node@0.0.0
85 silly decomposeActions test node@0.0.0
86 silly decomposeActions finalize node@0.0.0
87 silly executeActions Starting
88 silly install executeActions
89 silly doSerial global-install 0
90 silly doParallel fetch 1
91 verbose lock using C:\Users\nk.andkra90\AppData\Roaming\npm-cache\_locks\staging-dfd8fbf9c1feea0f.lock for C:\Program Files\nodejs\node_modules\.staging
92 verbose unlock done using C:\Users\nk.andkra90\AppData\Roaming\npm-cache\_locks\staging-dfd8fbf9c1feea0f.lock for C:\Program Files\nodejs\node_modules\.staging
93 silly rollbackFailedOptional Starting
94 silly rollbackFailedOptional Finishing
95 silly runTopLevelLifecycles Starting
96 silly runTopLevelLifecycles Finishing
97 silly install printInstalled
98 verbose stack Error: EPERM: operation not permitted, mkdir 'C:\Program Files\nodejs\node_modules\.staging'
98 verbose stack     at Error (native)
99 verbose cwd D:\Student\Simple API server\nodejs-jwt-authentication-sample-master
100 error Windows_NT 6.3.9600
101 error argv "C:\\Program Files\\nodejs\\node.exe" "C:\\Program Files\\nodejs\\node_modules\\npm\\bin\\npm-cli.js" "install" "-g" "node"
102 error node v4.2.2
103 error npm  v3.3.12
104 error path C:\Program Files\nodejs\node_modules\.staging
105 error code EPERM
106 error errno -4048
107 error syscall mkdir
108 error Error: EPERM: operation not permitted, mkdir 'C:\Program Files\nodejs\node_modules\.staging'
108 error     at Error (native)
108 error  { [Error: EPERM: operation not permitted, mkdir 'C:\Program Files\nodejs\node_modules\.staging']
108 error   errno: -4048,
108 error   code: 'EPERM',
108 error   syscall: 'mkdir',
108 error   path: 'C:\\Program Files\\nodejs\\node_modules\\.staging' }
109 error Please try running this command again as root/Administrator.
110 verbose exit [ -4048, true ]
